<?xml version="1.0" encoding="UTF-8"?>
<testng-results skipped="0" failed="0" total="1" passed="1">
  <reporter-output>
  </reporter-output>
  <suite name="Default suite" duration-ms="24728" started-at="2018-11-19T17:15:55Z" finished-at="2018-11-19T17:16:20Z">
    <groups>
    </groups>
    <test name="Default test" duration-ms="24728" started-at="2018-11-19T17:15:55Z" finished-at="2018-11-19T17:16:20Z">
      <class name="example.FirefoxTest">
        <test-method status="PASS" signature="sendFirefoxTestDriver()[pri:0, instance:example.FirefoxTest@26653222]" name="sendFirefoxTestDriver" duration-ms="24697" started-at="2018-11-19T18:15:55Z" finished-at="2018-11-19T18:16:20Z">
          <reporter-output>
          </reporter-output>
        </test-method> <!-- sendFirefoxTestDriver -->
      </class> <!-- example.FirefoxTest -->
    </test> <!-- Default test -->
  </suite> <!-- Default suite -->
</testng-results>
