<?xml version="1.0" encoding="UTF-8"?>
<testng-results skipped="0" failed="0" total="4" passed="4">
  <reporter-output>
  </reporter-output>
  <suite name="Default suite" duration-ms="14712" started-at="2018-11-19T08:29:01Z" finished-at="2018-11-19T08:29:16Z">
    <groups>
    </groups>
    <test name="Default test" duration-ms="14712" started-at="2018-11-19T08:29:01Z" finished-at="2018-11-19T08:29:16Z">
      <class name="example.NewTest">
        <test-method status="PASS" signature="sendTestChrome()[pri:0, instance:example.NewTest@59fa1d9b]" name="sendTestChrome" duration-ms="14675" started-at="2018-11-19T09:29:01Z" finished-at="2018-11-19T09:29:16Z">
          <reporter-output>
          </reporter-output>
        </test-method> <!-- sendTestChrome -->
        <test-method status="PASS" signature="sendTestFirefox()[pri:0, instance:example.NewTest@59fa1d9b]" name="sendTestFirefox" duration-ms="3" started-at="2018-11-19T09:29:16Z" finished-at="2018-11-19T09:29:16Z">
          <reporter-output>
          </reporter-output>
        </test-method> <!-- sendTestFirefox -->
        <test-method status="PASS" signature="sendTestIE()[pri:0, instance:example.NewTest@59fa1d9b]" name="sendTestIE" duration-ms="3" started-at="2018-11-19T09:29:16Z" finished-at="2018-11-19T09:29:16Z">
          <reporter-output>
          </reporter-output>
        </test-method> <!-- sendTestIE -->
        <test-method status="PASS" signature="sendTestSafari()[pri:0, instance:example.NewTest@59fa1d9b]" name="sendTestSafari" duration-ms="2" started-at="2018-11-19T09:29:16Z" finished-at="2018-11-19T09:29:16Z">
          <reporter-output>
          </reporter-output>
        </test-method> <!-- sendTestSafari -->
      </class> <!-- example.NewTest -->
    </test> <!-- Default test -->
  </suite> <!-- Default suite -->
</testng-results>
